c:\users\nacho\desktop\gitnuevo\juego-basico\mapa_basico\mapa_basico\x64\release\vc143.pdb
c:\users\nacho\desktop\gitnuevo\juego-basico\mapa_basico\mapa_basico\x64\release\snake.obj
c:\users\nacho\desktop\gitnuevo\juego-basico\mapa_basico\mapa_basico\x64\release\pong.obj
c:\users\nacho\desktop\gitnuevo\juego-basico\mapa_basico\mapa_basico\x64\release\personaje2d.obj
c:\users\nacho\desktop\gitnuevo\juego-basico\mapa_basico\mapa_basico\x64\release\menu.obj
c:\users\nacho\desktop\gitnuevo\juego-basico\mapa_basico\mapa_basico\x64\release\matriz.obj
c:\users\nacho\desktop\gitnuevo\juego-basico\mapa_basico\mapa_basico\x64\release\mapa.obj
c:\users\nacho\desktop\gitnuevo\juego-basico\mapa_basico\mapa_basico\x64\release\main.obj
c:\users\nacho\desktop\gitnuevo\juego-basico\mapa_basico\mapa_basico\x64\release\game.obj
c:\users\nacho\desktop\gitnuevo\juego-basico\mapa_basico\mapa_basico\x64\release\asteroid.obj
c:\users\nacho\desktop\gitnuevo\juego-basico\mapa_basico\x64\release\mapa_basico.exe
c:\users\nacho\desktop\gitnuevo\juego-basico\mapa_basico\x64\release\mapa_basico.pdb
c:\users\nacho\desktop\gitnuevo\juego-basico\mapa_basico\mapa_basico\x64\release\mapa_basico.iobj
c:\users\nacho\desktop\gitnuevo\juego-basico\mapa_basico\mapa_basico\x64\release\mapa_basico.ipdb
c:\users\nacho\desktop\gitnuevo\juego-basico\mapa_basico\mapa_basico\x64\release\mapa_basico.tlog\cl.command.1.tlog
c:\users\nacho\desktop\gitnuevo\juego-basico\mapa_basico\mapa_basico\x64\release\mapa_basico.tlog\cl.read.1.tlog
c:\users\nacho\desktop\gitnuevo\juego-basico\mapa_basico\mapa_basico\x64\release\mapa_basico.tlog\cl.write.1.tlog
c:\users\nacho\desktop\gitnuevo\juego-basico\mapa_basico\mapa_basico\x64\release\mapa_basico.tlog\link.command.1.tlog
c:\users\nacho\desktop\gitnuevo\juego-basico\mapa_basico\mapa_basico\x64\release\mapa_basico.tlog\link.read.1.tlog
c:\users\nacho\desktop\gitnuevo\juego-basico\mapa_basico\mapa_basico\x64\release\mapa_basico.tlog\link.write.1.tlog
